{"C:\\data\\_10xdev\\room_pilot\\src\\middleware.ts": {"path":"C:\\data\\_10xdev\\room_pilot\\src\\middleware.ts","statementMap":{"0":{"start":{"line":6,"column":25},"end":{"line":6,"column":null}},"1":{"start":{"line":8,"column":13},"end":{"line":46,"column":null}},"2":{"start":{"line":9,"column":8},"end":{"line":9,"column":null}},"3":{"start":{"line":11,"column":2},"end":{"line":18,"column":null}},"4":{"start":{"line":14,"column":8},"end":{"line":14,"column":null}},"5":{"start":{"line":15,"column":4},"end":{"line":15,"column":null}},"6":{"start":{"line":17,"column":4},"end":{"line":17,"column":null}},"7":{"start":{"line":20,"column":2},"end":{"line":24,"column":null}},"8":{"start":{"line":20,"column":39},"end":{"line":20,"column":77}},"9":{"start":{"line":21,"column":4},"end":{"line":23,"column":null}},"10":{"start":{"line":22,"column":6},"end":{"line":22,"column":null}},"11":{"start":{"line":26,"column":22},"end":{"line":26,"column":null}},"12":{"start":{"line":27,"column":2},"end":{"line":43,"column":null}},"13":{"start":{"line":28,"column":4},"end":{"line":40,"column":null}},"14":{"start":{"line":29,"column":21},"end":{"line":29,"column":null}},"15":{"start":{"line":30,"column":26},"end":{"line":30,"column":null}},"16":{"start":{"line":31,"column":6},"end":{"line":37,"column":null}},"17":{"start":{"line":39,"column":6},"end":{"line":39,"column":null}},"18":{"start":{"line":42,"column":4},"end":{"line":42,"column":null}},"19":{"start":{"line":45,"column":2},"end":{"line":45,"column":null}}},"fnMap":{"0":{"name":"(anonymous_0)","decl":{"start":{"line":8,"column":42},"end":{"line":8,"column":49}},"loc":{"start":{"line":8,"column":67},"end":{"line":46,"column":1}},"line":8},"1":{"name":"(anonymous_1)","decl":{"start":{"line":20,"column":28},"end":{"line":20,"column":29}},"loc":{"start":{"line":20,"column":39},"end":{"line":20,"column":77}},"line":20}},"branchMap":{"0":{"loc":{"start":{"line":11,"column":2},"end":{"line":18,"column":null}},"type":"if","locations":[{"start":{"line":11,"column":2},"end":{"line":18,"column":null}},{"start":{"line":16,"column":9},"end":{"line":18,"column":null}}],"line":11},"1":{"loc":{"start":{"line":15,"column":26},"end":{"line":15,"column":null}},"type":"binary-expr","locations":[{"start":{"line":15,"column":26},"end":{"line":15,"column":34}},{"start":{"line":15,"column":34},"end":{"line":15,"column":null}}],"line":15},"2":{"loc":{"start":{"line":20,"column":2},"end":{"line":24,"column":null}},"type":"if","locations":[{"start":{"line":20,"column":2},"end":{"line":24,"column":null}},{"start":{},"end":{}}],"line":20},"3":{"loc":{"start":{"line":21,"column":4},"end":{"line":23,"column":null}},"type":"if","locations":[{"start":{"line":21,"column":4},"end":{"line":23,"column":null}},{"start":{},"end":{}}],"line":21},"4":{"loc":{"start":{"line":27,"column":2},"end":{"line":43,"column":null}},"type":"if","locations":[{"start":{"line":27,"column":2},"end":{"line":43,"column":null}},{"start":{"line":41,"column":9},"end":{"line":43,"column":null}}],"line":27},"5":{"loc":{"start":{"line":27,"column":6},"end":{"line":27,"column":43}},"type":"binary-expr","locations":[{"start":{"line":27,"column":6},"end":{"line":27,"column":21}},{"start":{"line":27,"column":21},"end":{"line":27,"column":43}}],"line":27},"6":{"loc":{"start":{"line":36,"column":13},"end":{"line":36,"column":null}},"type":"binary-expr","locations":[{"start":{"line":36,"column":13},"end":{"line":36,"column":28}},{"start":{"line":36,"column":28},"end":{"line":36,"column":null}}],"line":36}},"s":{"0":2,"1":2,"2":5,"3":5,"4":5,"5":5,"6":0,"7":5,"8":5,"9":0,"10":0,"11":5,"12":5,"13":3,"14":3,"15":3,"16":1,"17":2,"18":2,"19":5},"f":{"0":5,"1":5},"b":{"0":[5,0],"1":[5,5],"2":[0,5],"3":[0,0],"4":[3,2],"5":[5,4],"6":[1,0]},"meta":{"lastBranch":7,"lastFunction":2,"lastStatement":20,"seen":{"s:6:25:6:Infinity":0,"s:8:13:46:Infinity":1,"f:8:42:8:49":0,"s:9:8:9:Infinity":2,"b:11:2:18:Infinity:16:9:18:Infinity":0,"s:11:2:18:Infinity":3,"s:14:8:14:Infinity":4,"s:15:4:15:Infinity":5,"b:15:26:15:34:15:34:15:Infinity":1,"s:17:4:17:Infinity":6,"b:20:2:24:Infinity:undefined:undefined:undefined:undefined":2,"s:20:2:24:Infinity":7,"f:20:28:20:29":1,"s:20:39:20:77":8,"b:21:4:23:Infinity:undefined:undefined:undefined:undefined":3,"s:21:4:23:Infinity":9,"s:22:6:22:Infinity":10,"s:26:22:26:Infinity":11,"b:27:2:43:Infinity:41:9:43:Infinity":4,"s:27:2:43:Infinity":12,"b:27:6:27:21:27:21:27:43":5,"s:28:4:40:Infinity":13,"s:29:21:29:Infinity":14,"s:30:26:30:Infinity":15,"s:31:6:37:Infinity":16,"b:36:13:36:28:36:28:36:Infinity":6,"s:39:6:39:Infinity":17,"s:42:4:42:Infinity":18,"s:45:2:45:Infinity":19}}}
,"C:\\data\\_10xdev\\room_pilot\\src\\lib\\qr-auth.ts": {"path":"C:\\data\\_10xdev\\room_pilot\\src\\lib\\qr-auth.ts","statementMap":{"0":{"start":{"line":16,"column":67},"end":{"line":16,"column":null}},"1":{"start":{"line":18,"column":2},"end":{"line":20,"column":null}},"2":{"start":{"line":19,"column":4},"end":{"line":19,"column":null}},"3":{"start":{"line":23,"column":2},"end":{"line":28,"column":null}},"4":{"start":{"line":24,"column":24},"end":{"line":24,"column":null}},"5":{"start":{"line":25,"column":4},"end":{"line":25,"column":null}},"6":{"start":{"line":27,"column":4},"end":{"line":27,"column":null}},"7":{"start":{"line":30,"column":2},"end":{"line":32,"column":null}},"8":{"start":{"line":31,"column":4},"end":{"line":31,"column":null}},"9":{"start":{"line":34,"column":43},"end":{"line":38,"column":null}},"10":{"start":{"line":40,"column":2},"end":{"line":42,"column":null}},"11":{"start":{"line":41,"column":4},"end":{"line":41,"column":null}},"12":{"start":{"line":44,"column":50},"end":{"line":48,"column":null}},"13":{"start":{"line":50,"column":2},"end":{"line":52,"column":null}},"14":{"start":{"line":51,"column":4},"end":{"line":51,"column":null}},"15":{"start":{"line":54,"column":2},"end":{"line":56,"column":null}},"16":{"start":{"line":55,"column":4},"end":{"line":55,"column":null}},"17":{"start":{"line":58,"column":2},"end":{"line":60,"column":null}},"18":{"start":{"line":59,"column":4},"end":{"line":59,"column":null}},"19":{"start":{"line":62,"column":24},"end":{"line":62,"column":null}},"20":{"start":{"line":63,"column":21},"end":{"line":71,"column":null}},"21":{"start":{"line":73,"column":2},"end":{"line":73,"column":null}}},"fnMap":{"0":{"name":"processQrAuth","decl":{"start":{"line":9,"column":22},"end":{"line":9,"column":36}},"loc":{"start":{"line":15,"column":26},"end":{"line":74,"column":null}},"line":15}},"branchMap":{"0":{"loc":{"start":{"line":18,"column":2},"end":{"line":20,"column":null}},"type":"if","locations":[{"start":{"line":18,"column":2},"end":{"line":20,"column":null}},{"start":{},"end":{}}],"line":18},"1":{"loc":{"start":{"line":30,"column":2},"end":{"line":32,"column":null}},"type":"if","locations":[{"start":{"line":30,"column":2},"end":{"line":32,"column":null}},{"start":{},"end":{}}],"line":30},"2":{"loc":{"start":{"line":40,"column":2},"end":{"line":42,"column":null}},"type":"if","locations":[{"start":{"line":40,"column":2},"end":{"line":42,"column":null}},{"start":{},"end":{}}],"line":40},"3":{"loc":{"start":{"line":40,"column":6},"end":{"line":40,"column":26}},"type":"binary-expr","locations":[{"start":{"line":40,"column":6},"end":{"line":40,"column":19}},{"start":{"line":40,"column":19},"end":{"line":40,"column":26}}],"line":40},"4":{"loc":{"start":{"line":50,"column":2},"end":{"line":52,"column":null}},"type":"if","locations":[{"start":{"line":50,"column":2},"end":{"line":52,"column":null}},{"start":{},"end":{}}],"line":50},"5":{"loc":{"start":{"line":50,"column":6},"end":{"line":50,"column":33}},"type":"binary-expr","locations":[{"start":{"line":50,"column":6},"end":{"line":50,"column":20}},{"start":{"line":50,"column":20},"end":{"line":50,"column":33}}],"line":50},"6":{"loc":{"start":{"line":54,"column":2},"end":{"line":56,"column":null}},"type":"if","locations":[{"start":{"line":54,"column":2},"end":{"line":56,"column":null}},{"start":{},"end":{}}],"line":54},"7":{"loc":{"start":{"line":58,"column":2},"end":{"line":60,"column":null}},"type":"if","locations":[{"start":{"line":58,"column":2},"end":{"line":60,"column":null}},{"start":{},"end":{}}],"line":58}},"s":{"0":2,"1":2,"2":0,"3":2,"4":2,"5":1,"6":1,"7":1,"8":0,"9":1,"10":1,"11":0,"12":1,"13":1,"14":0,"15":1,"16":0,"17":1,"18":0,"19":1,"20":1,"21":1},"f":{"0":2},"b":{"0":[0,2],"1":[0,1],"2":[0,1],"3":[1,1],"4":[0,1],"5":[1,1],"6":[0,1],"7":[0,1]},"meta":{"lastBranch":8,"lastFunction":1,"lastStatement":22,"seen":{"f:9:22:9:36":0,"s:16:67:16:Infinity":0,"b:18:2:20:Infinity:undefined:undefined:undefined:undefined":0,"s:18:2:20:Infinity":1,"s:19:4:19:Infinity":2,"s:23:2:28:Infinity":3,"s:24:24:24:Infinity":4,"s:25:4:25:Infinity":5,"s:27:4:27:Infinity":6,"b:30:2:32:Infinity:undefined:undefined:undefined:undefined":1,"s:30:2:32:Infinity":7,"s:31:4:31:Infinity":8,"s:34:43:38:Infinity":9,"b:40:2:42:Infinity:undefined:undefined:undefined:undefined":2,"s:40:2:42:Infinity":10,"b:40:6:40:19:40:19:40:26":3,"s:41:4:41:Infinity":11,"s:44:50:48:Infinity":12,"b:50:2:52:Infinity:undefined:undefined:undefined:undefined":4,"s:50:2:52:Infinity":13,"b:50:6:50:20:50:20:50:33":5,"s:51:4:51:Infinity":14,"b:54:2:56:Infinity:undefined:undefined:undefined:undefined":6,"s:54:2:56:Infinity":15,"s:55:4:55:Infinity":16,"b:58:2:60:Infinity:undefined:undefined:undefined:undefined":7,"s:58:2:60:Infinity":17,"s:59:4:59:Infinity":18,"s:62:24:62:Infinity":19,"s:63:21:71:Infinity":20,"s:73:2:73:Infinity":21}}}
,"C:\\data\\_10xdev\\room_pilot\\src\\lib\\supabase.ts": {"path":"C:\\data\\_10xdev\\room_pilot\\src\\lib\\supabase.ts","statementMap":{"0":{"start":{"line":7,"column":2},"end":{"line":9,"column":null}},"1":{"start":{"line":8,"column":4},"end":{"line":8,"column":null}},"2":{"start":{"line":10,"column":2},"end":{"line":18,"column":null}},"3":{"start":{"line":12,"column":20},"end":{"line":12,"column":null}},"4":{"start":{"line":14,"column":8},"end":{"line":14,"column":null}},"5":{"start":{"line":22,"column":2},"end":{"line":24,"column":null}},"6":{"start":{"line":23,"column":4},"end":{"line":23,"column":null}},"7":{"start":{"line":25,"column":2},"end":{"line":39,"column":null}},"8":{"start":{"line":28,"column":8},"end":{"line":31,"column":null}},"9":{"start":{"line":28,"column":95},"end":{"line":31,"column":10}},"10":{"start":{"line":34,"column":8},"end":{"line":36,"column":null}},"11":{"start":{"line":35,"column":10},"end":{"line":35,"column":null}}},"fnMap":{"0":{"name":"createServiceRoleClient","decl":{"start":{"line":6,"column":16},"end":{"line":6,"column":42}},"loc":{"start":{"line":6,"column":42},"end":{"line":19,"column":null}},"line":6},"1":{"name":"(anonymous_1)","decl":{"start":{"line":12,"column":14},"end":{"line":12,"column":20}},"loc":{"start":{"line":12,"column":20},"end":{"line":12,"column":null}},"line":12},"2":{"name":"setAll","decl":{"start":{"line":13,"column":6},"end":{"line":13,"column":13}},"loc":{"start":{"line":13,"column":28},"end":{"line":15,"column":null}},"line":13},"3":{"name":"createClient","decl":{"start":{"line":21,"column":16},"end":{"line":21,"column":29}},"loc":{"start":{"line":21,"column":77},"end":{"line":40,"column":null}},"line":21},"4":{"name":"getAll","decl":{"start":{"line":27,"column":6},"end":{"line":27,"column":15}},"loc":{"start":{"line":27,"column":15},"end":{"line":32,"column":null}},"line":27},"5":{"name":"(anonymous_5)","decl":{"start":{"line":28,"column":73},"end":{"line":28,"column":74}},"loc":{"start":{"line":28,"column":95},"end":{"line":31,"column":10}},"line":28},"6":{"name":"setAll","decl":{"start":{"line":33,"column":6},"end":{"line":33,"column":13}},"loc":{"start":{"line":33,"column":27},"end":{"line":37,"column":null}},"line":33},"7":{"name":"(anonymous_7)","decl":{"start":{"line":34,"column":29},"end":{"line":34,"column":30}},"loc":{"start":{"line":34,"column":59},"end":{"line":36,"column":9}},"line":34}},"branchMap":{"0":{"loc":{"start":{"line":7,"column":2},"end":{"line":9,"column":null}},"type":"if","locations":[{"start":{"line":7,"column":2},"end":{"line":9,"column":null}},{"start":{},"end":{}}],"line":7},"1":{"loc":{"start":{"line":7,"column":6},"end":{"line":7,"column":51}},"type":"binary-expr","locations":[{"start":{"line":7,"column":6},"end":{"line":7,"column":23}},{"start":{"line":7,"column":23},"end":{"line":7,"column":51}}],"line":7},"2":{"loc":{"start":{"line":22,"column":2},"end":{"line":24,"column":null}},"type":"if","locations":[{"start":{"line":22,"column":2},"end":{"line":24,"column":null}},{"start":{},"end":{}}],"line":22},"3":{"loc":{"start":{"line":22,"column":6},"end":{"line":22,"column":38}},"type":"binary-expr","locations":[{"start":{"line":22,"column":6},"end":{"line":22,"column":23}},{"start":{"line":22,"column":23},"end":{"line":22,"column":38}}],"line":22},"4":{"loc":{"start":{"line":28,"column":33},"end":{"line":28,"column":67}},"type":"binary-expr","locations":[{"start":{"line":28,"column":33},"end":{"line":28,"column":65}},{"start":{"line":28,"column":65},"end":{"line":28,"column":67}}],"line":28},"5":{"loc":{"start":{"line":30,"column":17},"end":{"line":30,"column":null}},"type":"binary-expr","locations":[{"start":{"line":30,"column":17},"end":{"line":30,"column":26}},{"start":{"line":30,"column":26},"end":{"line":30,"column":null}}],"line":30}},"s":{"0":21,"1":0,"2":21,"3":70,"4":0,"5":0,"6":0,"7":0,"8":0,"9":0,"10":0,"11":0},"f":{"0":21,"1":70,"2":0,"3":0,"4":0,"5":0,"6":0,"7":0},"b":{"0":[0,21],"1":[21,21],"2":[0,0],"3":[0,0],"4":[0,0],"5":[0,0]},"meta":{"lastBranch":6,"lastFunction":8,"lastStatement":12,"seen":{"f:6:16:6:42":0,"b:7:2:9:Infinity:undefined:undefined:undefined:undefined":0,"s:7:2:9:Infinity":0,"b:7:6:7:23:7:23:7:51":1,"s:8:4:8:Infinity":1,"s:10:2:18:Infinity":2,"f:12:14:12:20":1,"s:12:20:12:Infinity":3,"f:13:6:13:13":2,"s:14:8:14:Infinity":4,"f:21:16:21:29":3,"b:22:2:24:Infinity:undefined:undefined:undefined:undefined":2,"s:22:2:24:Infinity":5,"b:22:6:22:23:22:23:22:38":3,"s:23:4:23:Infinity":6,"s:25:2:39:Infinity":7,"f:27:6:27:15":4,"s:28:8:31:Infinity":8,"b:28:33:28:65:28:65:28:67":4,"f:28:73:28:74":5,"s:28:95:31:10":9,"b:30:17:30:26:30:26:30:Infinity":5,"f:33:6:33:13":6,"s:34:8:36:Infinity":10,"f:34:29:34:30":7,"s:35:10:35:Infinity":11}}}
,"C:\\data\\_10xdev\\room_pilot\\src\\pages\\api\\guest\\orders\\[id].ts": {"path":"C:\\data\\_10xdev\\room_pilot\\src\\pages\\api\\guest\\orders\\[id].ts","statementMap":{"0":{"start":{"line":4,"column":25},"end":{"line":4,"column":null}},"1":{"start":{"line":6,"column":20},"end":{"line":6,"column":null}},"2":{"start":{"line":8,"column":31},"end":{"line":53,"column":null}},"3":{"start":{"line":9,"column":21},"end":{"line":9,"column":null}},"4":{"start":{"line":10,"column":2},"end":{"line":12,"column":null}},"5":{"start":{"line":11,"column":4},"end":{"line":11,"column":null}},"6":{"start":{"line":14,"column":13},"end":{"line":14,"column":null}},"7":{"start":{"line":15,"column":2},"end":{"line":17,"column":null}},"8":{"start":{"line":16,"column":4},"end":{"line":16,"column":null}},"9":{"start":{"line":19,"column":22},"end":{"line":19,"column":null}},"10":{"start":{"line":21,"column":8},"end":{"line":21,"column":null}},"11":{"start":{"line":22,"column":2},"end":{"line":24,"column":null}},"12":{"start":{"line":23,"column":4},"end":{"line":23,"column":null}},"13":{"start":{"line":26,"column":26},"end":{"line":31,"column":null}},"14":{"start":{"line":33,"column":2},"end":{"line":35,"column":null}},"15":{"start":{"line":34,"column":4},"end":{"line":34,"column":null}},"16":{"start":{"line":37,"column":2},"end":{"line":39,"column":null}},"17":{"start":{"line":38,"column":4},"end":{"line":38,"column":null}},"18":{"start":{"line":41,"column":33},"end":{"line":45,"column":null}},"19":{"start":{"line":47,"column":2},"end":{"line":50,"column":null}},"20":{"start":{"line":48,"column":4},"end":{"line":48,"column":null}},"21":{"start":{"line":49,"column":4},"end":{"line":49,"column":null}},"22":{"start":{"line":52,"column":2},"end":{"line":52,"column":null}}},"fnMap":{"0":{"name":"(anonymous_0)","decl":{"start":{"line":8,"column":31},"end":{"line":8,"column":38}},"loc":{"start":{"line":8,"column":50},"end":{"line":53,"column":null}},"line":8}},"branchMap":{"0":{"loc":{"start":{"line":10,"column":2},"end":{"line":12,"column":null}},"type":"if","locations":[{"start":{"line":10,"column":2},"end":{"line":12,"column":null}},{"start":{},"end":{}}],"line":10},"1":{"loc":{"start":{"line":15,"column":2},"end":{"line":17,"column":null}},"type":"if","locations":[{"start":{"line":15,"column":2},"end":{"line":17,"column":null}},{"start":{},"end":{}}],"line":15},"2":{"loc":{"start":{"line":15,"column":6},"end":{"line":15,"column":36}},"type":"binary-expr","locations":[{"start":{"line":15,"column":6},"end":{"line":15,"column":13}},{"start":{"line":15,"column":13},"end":{"line":15,"column":36}}],"line":15},"3":{"loc":{"start":{"line":22,"column":2},"end":{"line":24,"column":null}},"type":"if","locations":[{"start":{"line":22,"column":2},"end":{"line":24,"column":null}},{"start":{},"end":{}}],"line":22},"4":{"loc":{"start":{"line":33,"column":2},"end":{"line":35,"column":null}},"type":"if","locations":[{"start":{"line":33,"column":2},"end":{"line":35,"column":null}},{"start":{},"end":{}}],"line":33},"5":{"loc":{"start":{"line":37,"column":2},"end":{"line":39,"column":null}},"type":"if","locations":[{"start":{"line":37,"column":2},"end":{"line":39,"column":null}},{"start":{},"end":{}}],"line":37},"6":{"loc":{"start":{"line":47,"column":2},"end":{"line":50,"column":null}},"type":"if","locations":[{"start":{"line":47,"column":2},"end":{"line":50,"column":null}},{"start":{},"end":{}}],"line":47}},"s":{"0":1,"1":1,"2":1,"3":4,"4":4,"5":1,"6":3,"7":3,"8":0,"9":3,"10":3,"11":3,"12":0,"13":3,"14":3,"15":1,"16":2,"17":1,"18":1,"19":1,"20":0,"21":0,"22":1},"f":{"0":4},"b":{"0":[1,3],"1":[0,3],"2":[3,3],"3":[0,3],"4":[1,2],"5":[1,1],"6":[0,1]},"meta":{"lastBranch":7,"lastFunction":1,"lastStatement":23,"seen":{"s:4:25:4:Infinity":0,"s:6:20:6:Infinity":1,"s:8:31:53:Infinity":2,"f:8:31:8:38":0,"s:9:21:9:Infinity":3,"b:10:2:12:Infinity:undefined:undefined:undefined:undefined":0,"s:10:2:12:Infinity":4,"s:11:4:11:Infinity":5,"s:14:13:14:Infinity":6,"b:15:2:17:Infinity:undefined:undefined:undefined:undefined":1,"s:15:2:17:Infinity":7,"b:15:6:15:13:15:13:15:36":2,"s:16:4:16:Infinity":8,"s:19:22:19:Infinity":9,"s:21:8:21:Infinity":10,"b:22:2:24:Infinity:undefined:undefined:undefined:undefined":3,"s:22:2:24:Infinity":11,"s:23:4:23:Infinity":12,"s:26:26:31:Infinity":13,"b:33:2:35:Infinity:undefined:undefined:undefined:undefined":4,"s:33:2:35:Infinity":14,"s:34:4:34:Infinity":15,"b:37:2:39:Infinity:undefined:undefined:undefined:undefined":5,"s:37:2:39:Infinity":16,"s:38:4:38:Infinity":17,"s:41:33:45:Infinity":18,"b:47:2:50:Infinity:undefined:undefined:undefined:undefined":6,"s:47:2:50:Infinity":19,"s:48:4:48:Infinity":20,"s:49:4:49:Infinity":21,"s:52:2:52:Infinity":22}}}
,"C:\\data\\_10xdev\\room_pilot\\src\\pages\\api\\guest\\orders\\index.ts": {"path":"C:\\data\\_10xdev\\room_pilot\\src\\pages\\api\\guest\\orders\\index.ts","statementMap":{"0":{"start":{"line":5,"column":25},"end":{"line":5,"column":null}},"1":{"start":{"line":7,"column":20},"end":{"line":7,"column":null}},"2":{"start":{"line":9,"column":19},"end":{"line":11,"column":null}},"3":{"start":{"line":13,"column":29},"end":{"line":36,"column":null}},"4":{"start":{"line":14,"column":21},"end":{"line":14,"column":null}},"5":{"start":{"line":15,"column":2},"end":{"line":17,"column":null}},"6":{"start":{"line":16,"column":4},"end":{"line":16,"column":null}},"7":{"start":{"line":19,"column":22},"end":{"line":19,"column":null}},"8":{"start":{"line":20,"column":8},"end":{"line":20,"column":null}},"9":{"start":{"line":21,"column":2},"end":{"line":23,"column":null}},"10":{"start":{"line":22,"column":4},"end":{"line":22,"column":null}},"11":{"start":{"line":25,"column":32},"end":{"line":29,"column":null}},"12":{"start":{"line":31,"column":2},"end":{"line":33,"column":null}},"13":{"start":{"line":32,"column":4},"end":{"line":32,"column":null}},"14":{"start":{"line":35,"column":2},"end":{"line":35,"column":null}},"15":{"start":{"line":38,"column":30},"end":{"line":100,"column":null}},"16":{"start":{"line":39,"column":21},"end":{"line":39,"column":null}},"17":{"start":{"line":40,"column":2},"end":{"line":42,"column":null}},"18":{"start":{"line":41,"column":4},"end":{"line":41,"column":null}},"19":{"start":{"line":45,"column":2},"end":{"line":49,"column":null}},"20":{"start":{"line":46,"column":4},"end":{"line":46,"column":null}},"21":{"start":{"line":48,"column":4},"end":{"line":48,"column":null}},"22":{"start":{"line":51,"column":17},"end":{"line":51,"column":null}},"23":{"start":{"line":52,"column":2},"end":{"line":54,"column":null}},"24":{"start":{"line":53,"column":4},"end":{"line":53,"column":null}},"25":{"start":{"line":56,"column":24},"end":{"line":56,"column":null}},"26":{"start":{"line":57,"column":33},"end":{"line":57,"column":null}},"27":{"start":{"line":59,"column":8},"end":{"line":59,"column":null}},"28":{"start":{"line":60,"column":2},"end":{"line":62,"column":null}},"29":{"start":{"line":61,"column":4},"end":{"line":61,"column":null}},"30":{"start":{"line":64,"column":29},"end":{"line":70,"column":null}},"31":{"start":{"line":72,"column":2},"end":{"line":74,"column":null}},"32":{"start":{"line":73,"column":4},"end":{"line":73,"column":null}},"33":{"start":{"line":76,"column":34},"end":{"line":82,"column":null}},"34":{"start":{"line":84,"column":2},"end":{"line":86,"column":null}},"35":{"start":{"line":85,"column":4},"end":{"line":85,"column":null}},"36":{"start":{"line":88,"column":49},"end":{"line":92,"column":null}},"37":{"start":{"line":94,"column":2},"end":{"line":97,"column":null}},"38":{"start":{"line":95,"column":4},"end":{"line":95,"column":null}},"39":{"start":{"line":96,"column":4},"end":{"line":96,"column":null}},"40":{"start":{"line":99,"column":2},"end":{"line":99,"column":null}}},"fnMap":{"0":{"name":"(anonymous_0)","decl":{"start":{"line":13,"column":29},"end":{"line":13,"column":36}},"loc":{"start":{"line":13,"column":48},"end":{"line":36,"column":null}},"line":13},"1":{"name":"(anonymous_1)","decl":{"start":{"line":38,"column":30},"end":{"line":38,"column":37}},"loc":{"start":{"line":38,"column":49},"end":{"line":100,"column":null}},"line":38}},"branchMap":{"0":{"loc":{"start":{"line":15,"column":2},"end":{"line":17,"column":null}},"type":"if","locations":[{"start":{"line":15,"column":2},"end":{"line":17,"column":null}},{"start":{},"end":{}}],"line":15},"1":{"loc":{"start":{"line":21,"column":2},"end":{"line":23,"column":null}},"type":"if","locations":[{"start":{"line":21,"column":2},"end":{"line":23,"column":null}},{"start":{},"end":{}}],"line":21},"2":{"loc":{"start":{"line":31,"column":2},"end":{"line":33,"column":null}},"type":"if","locations":[{"start":{"line":31,"column":2},"end":{"line":33,"column":null}},{"start":{},"end":{}}],"line":31},"3":{"loc":{"start":{"line":40,"column":2},"end":{"line":42,"column":null}},"type":"if","locations":[{"start":{"line":40,"column":2},"end":{"line":42,"column":null}},{"start":{},"end":{}}],"line":40},"4":{"loc":{"start":{"line":52,"column":2},"end":{"line":54,"column":null}},"type":"if","locations":[{"start":{"line":52,"column":2},"end":{"line":54,"column":null}},{"start":{},"end":{}}],"line":52},"5":{"loc":{"start":{"line":53,"column":34},"end":{"line":53,"column":88}},"type":"binary-expr","locations":[{"start":{"line":53,"column":34},"end":{"line":53,"column":69}},{"start":{"line":53,"column":69},"end":{"line":53,"column":88}}],"line":53},"6":{"loc":{"start":{"line":60,"column":2},"end":{"line":62,"column":null}},"type":"if","locations":[{"start":{"line":60,"column":2},"end":{"line":62,"column":null}},{"start":{},"end":{}}],"line":60},"7":{"loc":{"start":{"line":72,"column":2},"end":{"line":74,"column":null}},"type":"if","locations":[{"start":{"line":72,"column":2},"end":{"line":74,"column":null}},{"start":{},"end":{}}],"line":72},"8":{"loc":{"start":{"line":84,"column":2},"end":{"line":86,"column":null}},"type":"if","locations":[{"start":{"line":84,"column":2},"end":{"line":86,"column":null}},{"start":{},"end":{}}],"line":84},"9":{"loc":{"start":{"line":94,"column":2},"end":{"line":97,"column":null}},"type":"if","locations":[{"start":{"line":94,"column":2},"end":{"line":97,"column":null}},{"start":{},"end":{}}],"line":94}},"s":{"0":1,"1":1,"2":1,"3":1,"4":2,"5":2,"6":1,"7":1,"8":1,"9":1,"10":0,"11":1,"12":1,"13":0,"14":1,"15":1,"16":5,"17":5,"18":1,"19":4,"20":4,"21":0,"22":4,"23":4,"24":0,"25":4,"26":4,"27":4,"28":4,"29":0,"30":4,"31":4,"32":2,"33":2,"34":2,"35":0,"36":2,"37":2,"38":0,"39":0,"40":2},"f":{"0":2,"1":5},"b":{"0":[1,1],"1":[0,1],"2":[0,1],"3":[1,4],"4":[0,4],"5":[0,0],"6":[0,4],"7":[2,2],"8":[0,2],"9":[0,2]},"meta":{"lastBranch":10,"lastFunction":2,"lastStatement":41,"seen":{"s:5:25:5:Infinity":0,"s:7:20:7:Infinity":1,"s:9:19:11:Infinity":2,"s:13:29:36:Infinity":3,"f:13:29:13:36":0,"s:14:21:14:Infinity":4,"b:15:2:17:Infinity:undefined:undefined:undefined:undefined":0,"s:15:2:17:Infinity":5,"s:16:4:16:Infinity":6,"s:19:22:19:Infinity":7,"s:20:8:20:Infinity":8,"b:21:2:23:Infinity:undefined:undefined:undefined:undefined":1,"s:21:2:23:Infinity":9,"s:22:4:22:Infinity":10,"s:25:32:29:Infinity":11,"b:31:2:33:Infinity:undefined:undefined:undefined:undefined":2,"s:31:2:33:Infinity":12,"s:32:4:32:Infinity":13,"s:35:2:35:Infinity":14,"s:38:30:100:Infinity":15,"f:38:30:38:37":1,"s:39:21:39:Infinity":16,"b:40:2:42:Infinity:undefined:undefined:undefined:undefined":3,"s:40:2:42:Infinity":17,"s:41:4:41:Infinity":18,"s:45:2:49:Infinity":19,"s:46:4:46:Infinity":20,"s:48:4:48:Infinity":21,"s:51:17:51:Infinity":22,"b:52:2:54:Infinity:undefined:undefined:undefined:undefined":4,"s:52:2:54:Infinity":23,"s:53:4:53:Infinity":24,"b:53:34:53:69:53:69:53:88":5,"s:56:24:56:Infinity":25,"s:57:33:57:Infinity":26,"s:59:8:59:Infinity":27,"b:60:2:62:Infinity:undefined:undefined:undefined:undefined":6,"s:60:2:62:Infinity":28,"s:61:4:61:Infinity":29,"s:64:29:70:Infinity":30,"b:72:2:74:Infinity:undefined:undefined:undefined:undefined":7,"s:72:2:74:Infinity":31,"s:73:4:73:Infinity":32,"s:76:34:82:Infinity":33,"b:84:2:86:Infinity:undefined:undefined:undefined:undefined":8,"s:84:2:86:Infinity":34,"s:85:4:85:Infinity":35,"s:88:49:92:Infinity":36,"b:94:2:97:Infinity:undefined:undefined:undefined:undefined":9,"s:94:2:97:Infinity":37,"s:95:4:95:Infinity":38,"s:96:4:96:Infinity":39,"s:99:2:99:Infinity":40}}}
}
